<?xml version="1.0" encoding="UTF-8"?>
<!-- Generated by org.testng.reporters.JUnitReportReporter -->
<testsuite hostname="PARVEZ" name="com.crm.qa.testcases.HomePageTest" tests="3" failures="0" timestamp="11 Jul 2018 18:01:03 GMT" time="73.018" errors="0">
  <testcase name="verifyContactsLinkTest" time="26.413" classname="com.crm.qa.testcases.HomePageTest"/>
  <testcase name="verifyUserNameTest" time="28.597" classname="com.crm.qa.testcases.HomePageTest"/>
  <testcase name="verifyHomePageTitleTest" time="18.008" classname="com.crm.qa.testcases.HomePageTest"/>
</testsuite> <!-- com.crm.qa.testcases.HomePageTest -->
