<?xml version="1.0" encoding="UTF-8"?>
<!-- Generated by org.testng.reporters.JUnitReportReporter -->
<testsuite hostname="PARVEZ" name="Tempp.ExcelRead" tests="1" failures="0" timestamp="1 Aug 2018 03:55:47 GMT" time="0.578" errors="0">
  <testcase name="Read" time="0.578" classname="Tempp.ExcelRead"/>
</testsuite> <!-- Tempp.ExcelRead -->
