<?xml version="1.0" encoding="UTF-8"?>
<!-- Generated by org.testng.reporters.JUnitReportReporter -->
<testsuite hostname="PARVEZ" name="Tempp.ReadAgain" tests="1" failures="0" timestamp="3 Aug 2018 18:12:34 GMT" time="0.570" errors="0">
  <testcase name="hy" time="0.570" classname="Tempp.ReadAgain"/>
</testsuite> <!-- Tempp.ReadAgain -->
