<?xml version="1.0" encoding="UTF-8"?>
<!-- Generated by org.testng.reporters.JUnitReportReporter -->
<testsuite hostname="PARVEZ" name="Tempp.TempJavatPoint" tests="1" failures="0" timestamp="3 Aug 2018 18:13:43 GMT" time="31.662" errors="0">
  <testcase name="ruN" time="31.662" classname="Tempp.TempJavatPoint"/>
</testsuite> <!-- Tempp.TempJavatPoint -->
