<?xml version="1.0" encoding="UTF-8"?>
<!-- Generated by org.testng.reporters.JUnitReportReporter -->
<testsuite hostname="PARVEZ" name="Tempp.MakeMyTrip" tests="1" failures="0" timestamp="3 Aug 2018 17:22:16 GMT" time="14.221" errors="0">
  <testcase name="m2" time="14.221" classname="Tempp.MakeMyTrip"/>
</testsuite> <!-- Tempp.MakeMyTrip -->
